#
# There is insufficient memory for the Java Runtime Environment to continue.
# Native memory allocation (mmap) failed to map 65536 bytes for Failed to commit metaspace.
# Possible reasons:
#   The system is out of physical RAM or swap space
#   The process is running with CompressedOops enabled, and the Java Heap may be blocking the growth of the native heap
# Possible solutions:
#   Reduce memory load on the system
#   Increase physical memory or swap space
#   Check if swap backing store is full
#   Decrease Java heap size (-Xmx/-Xms)
#   Decrease number of Java threads
#   Decrease Java thread stack sizes (-Xss)
#   Set larger code cache with -XX:ReservedCodeCacheSize=
#   JVM is running with Unscaled Compressed Oops mode in which the Java heap is
#     placed in the first 4GB address space. The Java Heap base address is the
#     maximum limit for the native heap growth. Please use -XX:HeapBaseMinAddress
#     to set the Java Heap base and to place the Java Heap above 4GB virtual address.
# This output file may be truncated or incomplete.
#
#  Out of Memory Error (virtualSpaceNode.cpp:110), pid=5932, tid=8852
#
# JRE version: OpenJDK Runtime Environment Temurin-17.0.4.1+1 (17.0.4.1+1) (build 17.0.4.1+1)
# Java VM: OpenJDK 64-Bit Server VM Temurin-17.0.4.1+1 (17.0.4.1+1, mixed mode, emulated-client, tiered, compressed oops, compressed class ptrs, g1 gc, windows-amd64)
# No core dump will be written. Minidumps are not enabled by default on client versions of Windows
#

---------------  S U M M A R Y ------------

Command Line: -Dcom.sun.management.jmxremote -Dcom.sun.management.jmxremote.port=50394 -Dcom.sun.management.jmxremote.authenticate=false -Dcom.sun.management.jmxremote.ssl=false -Djava.rmi.server.hostname=localhost -Dspring.jmx.enabled=true -Dspring.application.admin.enabled=true -XX:TieredStopAtLevel=1 -Dspring.boot.project.name=dsmeta -Dfile.encoding=UTF-8 -XX:+ShowCodeDetailsInExceptionMessages com.devsuperior.dsmeta.DsmetaApplication --spring.output.ansi.enabled=always

Host: Intel(R) Celeron(R) CPU N3350 @ 1.10GHz, 2 cores, 3G,  Windows 10 , 64 bit Build 19041 (10.0.19041.2251)
Time: Fri Nov 25 17:51:08 2022 Hora oficial do Brasil elapsed time: 1.136074 seconds (0d 0h 0m 1s)

---------------  T H R E A D  ---------------

Current thread (0x000001f88b09d710):  JavaThread "main" [_thread_in_vm, id=8852, stack(0x0000005180800000,0x0000005180900000)]

Stack: [0x0000005180800000,0x0000005180900000]
Native frames: (J=compiled Java code, j=interpreted, Vv=VM code, C=native code)
V  [jvm.dll+0x67731a]
V  [jvm.dll+0x832284]
V  [jvm.dll+0x833a2e]
V  [jvm.dll+0x834093]
V  [jvm.dll+0x245775]
V  [jvm.dll+0x82e22b]
V  [jvm.dll+0x61bdf6]
V  [jvm.dll+0x61be5a]
V  [jvm.dll+0x61e67a]
V  [jvm.dll+0x61c796]
V  [jvm.dll+0x23b260]
V  [jvm.dll+0x1eafbd]
V  [jvm.dll+0x1e09f1]
V  [jvm.dll+0x53c910]
V  [jvm.dll+0x1f11e7]
V  [jvm.dll+0x7ac56b]
V  [jvm.dll+0x7ad912]
V  [jvm.dll+0x7adc48]
V  [jvm.dll+0x23db7e]
V  [jvm.dll+0x23ddcf]
V  [jvm.dll+0x559f88]
V  [jvm.dll+0x55ce37]
V  [jvm.dll+0x383307]
V  [jvm.dll+0x38295f]
C  0x000001f88e778ddf

Java frames: (J=compiled Java code, j=interpreted, Vv=VM code)
j  jdk.internal.jimage.ImageReader.open(Ljava/nio/file/Path;Ljava/nio/ByteOrder;)Ljdk/internal/jimage/ImageReader;+12 java.base@17.0.4.1
j  jdk.internal.jimage.ImageReader.open(Ljava/nio/file/Path;)Ljdk/internal/jimage/ImageReader;+4 java.base@17.0.4.1
j  jdk.internal.jimage.ImageReaderFactory$1.apply(Ljava/nio/file/Path;)Ljdk/internal/jimage/ImageReader;+1 java.base@17.0.4.1
j  jdk.internal.jimage.ImageReaderFactory$1.apply(Ljava/lang/Object;)Ljava/lang/Object;+5 java.base@17.0.4.1
j  java.util.concurrent.ConcurrentHashMap.computeIfAbsent(Ljava/lang/Object;Ljava/util/function/Function;)Ljava/lang/Object;+115 java.base@17.0.4.1
j  jdk.internal.jimage.ImageReaderFactory.get(Ljava/nio/file/Path;)Ljdk/internal/jimage/ImageReader;+12 java.base@17.0.4.1
j  jdk.internal.jimage.ImageReaderFactory.getImageReader()Ljdk/internal/jimage/ImageReader;+3 java.base@17.0.4.1
j  jdk.internal.module.SystemModuleFinders$SystemImage.<clinit>()V+0 java.base@17.0.4.1
v  ~StubRoutines::call_stub
j  jdk.internal.module.SystemModuleFinders$SystemModuleReader.containsImageLocation(Ljava/lang/String;)Z+22 java.base@17.0.4.1
j  jdk.internal.module.SystemModuleFinders$SystemModuleReader.find(Ljava/lang/String;)Ljava/util/Optional;+2 java.base@17.0.4.1
j  jdk.internal.loader.BuiltinClassLoader$2.run()Ljava/util/List;+51 java.base@17.0.4.1
j  jdk.internal.loader.BuiltinClassLoader$2.run()Ljava/lang/Object;+1 java.base@17.0.4.1
j  java.security.AccessController.executePrivileged(Ljava/security/PrivilegedExceptionAction;Ljava/security/AccessControlContext;Ljava/lang/Class;)Ljava/lang/Object;+29 java.base@17.0.4.1
j  java.security.AccessController.doPrivileged(Ljava/security/PrivilegedExceptionAction;)Ljava/lang/Object;+9 java.base@17.0.4.1
j  jdk.internal.loader.BuiltinClassLoader.findMiscResource(Ljava/lang/String;)Ljava/util/List;+83 java.base@17.0.4.1
j  jdk.internal.loader.BuiltinClassLoader.findResources(Ljava/lang/String;)Ljava/util/Enumeration;+107 java.base@17.0.4.1
j  jdk.internal.loader.BootLoader.findResources(Ljava/lang/String;)Ljava/util/Enumeration;+4 java.base@17.0.4.1
j  java.lang.ClassLoader.getResources(Ljava/lang/String;)Ljava/util/Enumeration;+34 java.base@17.0.4.1
j  java.lang.ClassLoader.getResources(Ljava/lang/String;)Ljava/util/Enumeration;+24 java.base@17.0.4.1
j  java.util.ServiceLoader$LazyClassPathLookupIterator.nextProviderClass()Ljava/lang/Class;+106 java.base@17.0.4.1
j  java.util.ServiceLoader$LazyClassPathLookupIterator.hasNextService()Z+15 java.base@17.0.4.1
j  java.util.ServiceLoader$LazyClassPathLookupIterator.hasNext()Z+11 java.base@17.0.4.1
j  java.util.ServiceLoader$2.hasNext()Z+16 java.base@17.0.4.1
j  java.util.ServiceLoader$3.hasNext()Z+32 java.base@17.0.4.1
j  jdk.internal.logger.BootstrapLogger$DetectBackend$1.run()Ljdk/internal/logger/BootstrapLogger$LoggingBackend;+13 java.base@17.0.4.1
j  jdk.internal.logger.BootstrapLogger$DetectBackend$1.run()Ljava/lang/Object;+1 java.base@17.0.4.1
j  java.security.AccessController.executePrivileged(Ljava/security/PrivilegedAction;Ljava/security/AccessControlContext;Ljava/lang/Class;)Ljava/lang/Object;+29 java.base@17.0.4.1
j  java.security.AccessController.doPrivileged(Ljava/security/PrivilegedAction;)Ljava/lang/Object;+5 java.base@17.0.4.1
j  jdk.internal.logger.BootstrapLogger$DetectBackend.<clinit>()V+7 java.base@17.0.4.1
v  ~StubRoutines::call_stub
j  jdk.internal.logger.BootstrapLogger.useLazyLoggers()Z+6 java.base@17.0.4.1
j  jdk.internal.logger.LazyLoggers.getLazyLogger(Ljava/lang/String;Ljava/lang/Module;)Ljava/lang/System$Logger;+0 java.base@17.0.4.1
j  jdk.internal.logger.LazyLoggers.getLogger(Ljava/lang/String;Ljava/lang/Module;)Ljava/lang/System$Logger;+9 java.base@17.0.4.1
j  java.lang.System.getLogger(Ljava/lang/String;)Ljava/lang/System$Logger;+29 java.base@17.0.4.1
j  sun.management.jmxremote.ConnectorBootstrap.<clinit>()V+9 jdk.management.agent@17.0.4.1
v  ~StubRoutines::call_stub
j  jdk.internal.agent.Agent.startAgent(Ljava/util/Properties;)V+48 jdk.management.agent@17.0.4.1
j  jdk.internal.agent.Agent.startAgent()V+20 jdk.management.agent@17.0.4.1
v  ~StubRoutines::call_stub

---------------  P R O C E S S  ---------------

Threads class SMR info:
_java_thread_list=0x000001f89664f110, length=12, elements={
0x000001f88b09d710, 0x000001f895a6ad80, 0x000001f895a6c7a0, 0x000001f895a90360,
0x000001f895a90ee0, 0x000001f895a927b0, 0x000001f895a93070, 0x000001f895a949f0,
0x000001f895afb2c0, 0x000001f895b1eab0, 0x000001f896622b80, 0x000001f896689f10
}

Java Threads: ( => current thread )
=>0x000001f88b09d710 JavaThread "main" [_thread_in_vm, id=8852, stack(0x0000005180800000,0x0000005180900000)]
  0x000001f895a6ad80 JavaThread "Reference Handler" daemon [_thread_blocked, id=5736, stack(0x0000005180f00000,0x0000005181000000)]
  0x000001f895a6c7a0 JavaThread "Finalizer" daemon [_thread_blocked, id=7604, stack(0x0000005181000000,0x0000005181100000)]
  0x000001f895a90360 JavaThread "Signal Dispatcher" daemon [_thread_blocked, id=4272, stack(0x0000005181100000,0x0000005181200000)]
  0x000001f895a90ee0 JavaThread "Attach Listener" daemon [_thread_blocked, id=9628, stack(0x0000005181200000,0x0000005181300000)]
  0x000001f895a927b0 JavaThread "Service Thread" daemon [_thread_blocked, id=3132, stack(0x0000005181300000,0x0000005181400000)]
  0x000001f895a93070 JavaThread "Monitor Deflation Thread" daemon [_thread_blocked, id=9480, stack(0x0000005181400000,0x0000005181500000)]
  0x000001f895a949f0 JavaThread "C1 CompilerThread0" daemon [_thread_blocked, id=5228, stack(0x0000005181500000,0x0000005181600000)]
  0x000001f895afb2c0 JavaThread "Sweeper thread" daemon [_thread_blocked, id=628, stack(0x0000005181600000,0x0000005181700000)]
  0x000001f895b1eab0 JavaThread "Common-Cleaner" daemon [_thread_blocked, id=10196, stack(0x0000005181700000,0x0000005181800000)]
  0x000001f896622b80 JavaThread "C1 CompilerThread1" daemon [_thread_blocked, id=6700, stack(0x0000005181800000,0x0000005181900000)]
  0x000001f896689f10 JavaThread "Notification Thread" daemon [_thread_blocked, id=2948, stack(0x0000005181900000,0x0000005181a00000)]

Other Threads:
  0x000001f895a87cf0 VMThread "VM Thread" [stack: 0x0000005180e00000,0x0000005180f00000] [id=4184]
  0x000001f88b0d7bf0 GCTaskThread "GC Thread#0" [stack: 0x0000005180900000,0x0000005180a00000] [id=3876]
  0x000001f88b0e0540 ConcurrentGCThread "G1 Main Marker" [stack: 0x0000005180a00000,0x0000005180b00000] [id=9752]
  0x000001f88b0e0e60 ConcurrentGCThread "G1 Conc#0" [stack: 0x0000005180b00000,0x0000005180c00000] [id=2104]
  0x000001f88b115050 ConcurrentGCThread "G1 Refine#0" [stack: 0x0000005180c00000,0x0000005180d00000] [id=8740]
  0x000001f88b115980 ConcurrentGCThread "G1 Service" [stack: 0x0000005180d00000,0x0000005180e00000] [id=6056]

Threads with active compile tasks:

VM state: not at safepoint (normal execution)

VM Mutex/Monitor currently owned by a thread:  ([mutex/lock_event])
[0x000001f88b095950] Metaspace_lock - owner thread: 0x000001f88b09d710

Heap address: 0x00000000c2800000, size: 984 MB, Compressed Oops mode: 32-bit

CDS archive(s) not mapped
Compressed class space mapped at: 0x0000000100000000-0x0000000140000000, reserved size: 1073741824
Narrow klass base: 0x0000000000000000, Narrow klass shift: 3, Narrow klass range: 0x140000000

GC Precious Log:
 CPUs: 2 total, 2 available
 Memory: 3928M
 Large Page Support: Disabled
 NUMA Support: Disabled
 Compressed Oops: Enabled (32-bit)
 Heap Region Size: 1M
 Heap Min Capacity: 8M
 Heap Initial Capacity: 62M
 Heap Max Capacity: 984M
 Pre-touch: Disabled
 Parallel Workers: 2
 Concurrent Workers: 1
 Concurrent Refinement Workers: 2
 Periodic GC: Disabled

Heap:
 garbage-first heap   total 63488K, used 1024K [0x00000000c2800000, 0x0000000100000000)
  region size 1024K, 2 young (2048K), 0 survivors (0K)
 Metaspace       used 5237K, committed 5376K, reserved 1056768K
  class space    used 439K, committed 512K, reserved 1048576K

Heap Regions: E=young(eden), S=young(survivor), O=old, HS=humongous(starts), HC=humongous(continues), CS=collection set, F=free, OA=open archive, CA=closed archive, TAMS=top-at-mark-start (previous, next)
|   0|0x00000000c2800000, 0x00000000c2800000, 0x00000000c2900000|  0%| F|  |TAMS 0x00000000c2800000, 0x00000000c2800000| Untracked 
|   1|0x00000000c2900000, 0x00000000c2900000, 0x00000000c2a00000|  0%| F|  |TAMS 0x00000000c2900000, 0x00000000c2900000| Untracked 
|   2|0x00000000c2a00000, 0x00000000c2a00000, 0x00000000c2b00000|  0%| F|  |TAMS 0x00000000c2a00000, 0x00000000c2a00000| Untracked 
|   3|0x00000000c2b00000, 0x00000000c2b00000, 0x00000000c2c00000|  0%| F|  |TAMS 0x00000000c2b00000, 0x00000000c2b00000| Untracked 
|   4|0x00000000c2c00000, 0x00000000c2c00000, 0x00000000c2d00000|  0%| F|  |TAMS 0x00000000c2c00000, 0x00000000c2c00000| Untracked 
|   5|0x00000000c2d00000, 0x00000000c2d00000, 0x00000000c2e00000|  0%| F|  |TAMS 0x00000000c2d00000, 0x00000000c2d00000| Untracked 
|   6|0x00000000c2e00000, 0x00000000c2e00000, 0x00000000c2f00000|  0%| F|  |TAMS 0x00000000c2e00000, 0x00000000c2e00000| Untracked 
|   7|0x00000000c2f00000, 0x00000000c2f00000, 0x00000000c3000000|  0%| F|  |TAMS 0x00000000c2f00000, 0x00000000c2f00000| Untracked 
|   8|0x00000000c3000000, 0x00000000c3000000, 0x00000000c3100000|  0%| F|  |TAMS 0x00000000c3000000, 0x00000000c3000000| Untracked 
|   9|0x00000000c3100000, 0x00000000c3100000, 0x00000000c3200000|  0%| F|  |TAMS 0x00000000c3100000, 0x00000000c3100000| Untracked 
|  10|0x00000000c3200000, 0x00000000c3200000, 0x00000000c3300000|  0%| F|  |TAMS 0x00000000c3200000, 0x00000000c3200000| Untracked 
|  11|0x00000000c3300000, 0x00000000c3300000, 0x00000000c3400000|  0%| F|  |TAMS 0x00000000c3300000, 0x00000000c3300000| Untracked 
|  12|0x00000000c3400000, 0x00000000c3400000, 0x00000000c3500000|  0%| F|  |TAMS 0x00000000c3400000, 0x00000000c3400000| Untracked 
|  13|0x00000000c3500000, 0x00000000c3500000, 0x00000000c3600000|  0%| F|  |TAMS 0x00000000c3500000, 0x00000000c3500000| Untracked 
|  14|0x00000000c3600000, 0x00000000c3600000, 0x00000000c3700000|  0%| F|  |TAMS 0x00000000c3600000, 0x00000000c3600000| Untracked 
|  15|0x00000000c3700000, 0x00000000c3700000, 0x00000000c3800000|  0%| F|  |TAMS 0x00000000c3700000, 0x00000000c3700000| Untracked 
|  16|0x00000000c3800000, 0x00000000c3800000, 0x00000000c3900000|  0%| F|  |TAMS 0x00000000c3800000, 0x00000000c3800000| Untracked 
|  17|0x00000000c3900000, 0x00000000c3900000, 0x00000000c3a00000|  0%| F|  |TAMS 0x00000000c3900000, 0x00000000c3900000| Untracked 
|  18|0x00000000c3a00000, 0x00000000c3a00000, 0x00000000c3b00000|  0%| F|  |TAMS 0x00000000c3a00000, 0x00000000c3a00000| Untracked 
|  19|0x00000000c3b00000, 0x00000000c3b00000, 0x00000000c3c00000|  0%| F|  |TAMS 0x00000000c3b00000, 0x00000000c3b00000| Untracked 
|  20|0x00000000c3c00000, 0x00000000c3c00000, 0x00000000c3d00000|  0%| F|  |TAMS 0x00000000c3c00000, 0x00000000c3c00000| Untracked 
|  21|0x00000000c3d00000, 0x00000000c3d00000, 0x00000000c3e00000|  0%| F|  |TAMS 0x00000000c3d00000, 0x00000000c3d00000| Untracked 
|  22|0x00000000c3e00000, 0x00000000c3e00000, 0x00000000c3f00000|  0%| F|  |TAMS 0x00000000c3e00000, 0x00000000c3e00000| Untracked 
|  23|0x00000000c3f00000, 0x00000000c3f00000, 0x00000000c4000000|  0%| F|  |TAMS 0x00000000c3f00000, 0x00000000c3f00000| Untracked 
|  24|0x00000000c4000000, 0x00000000c4000000, 0x00000000c4100000|  0%| F|  |TAMS 0x00000000c4000000, 0x00000000c4000000| Untracked 
|  25|0x00000000c4100000, 0x00000000c4100000, 0x00000000c4200000|  0%| F|  |TAMS 0x00000000c4100000, 0x00000000c4100000| Untracked 
|  26|0x00000000c4200000, 0x00000000c4200000, 0x00000000c4300000|  0%| F|  |TAMS 0x00000000c4200000, 0x00000000c4200000| Untracked 
|  27|0x00000000c4300000, 0x00000000c4300000, 0x00000000c4400000|  0%| F|  |TAMS 0x00000000c4300000, 0x00000000c4300000| Untracked 
|  28|0x00000000c4400000, 0x00000000c4400000, 0x00000000c4500000|  0%| F|  |TAMS 0x00000000c4400000, 0x00000000c4400000| Untracked 
|  29|0x00000000c4500000, 0x00000000c4500000, 0x00000000c4600000|  0%| F|  |TAMS 0x00000000c4500000, 0x00000000c4500000| Untracked 
|  30|0x00000000c4600000, 0x00000000c4600000, 0x00000000c4700000|  0%| F|  |TAMS 0x00000000c4600000, 0x00000000c4600000| Untracked 
|  31|0x00000000c4700000, 0x00000000c4700000, 0x00000000c4800000|  0%| F|  |TAMS 0x00000000c4700000, 0x00000000c4700000| Untracked 
|  32|0x00000000c4800000, 0x00000000c4800000, 0x00000000c4900000|  0%| F|  |TAMS 0x00000000c4800000, 0x00000000c4800000| Untracked 
|  33|0x00000000c4900000, 0x00000000c4900000, 0x00000000c4a00000|  0%| F|  |TAMS 0x00000000c4900000, 0x00000000c4900000| Untracked 
|  34|0x00000000c4a00000, 0x00000000c4a00000, 0x00000000c4b00000|  0%| F|  |TAMS 0x00000000c4a00000, 0x00000000c4a00000| Untracked 
|  35|0x00000000c4b00000, 0x00000000c4b00000, 0x00000000c4c00000|  0%| F|  |TAMS 0x00000000c4b00000, 0x00000000c4b00000| Untracked 
|  36|0x00000000c4c00000, 0x00000000c4c00000, 0x00000000c4d00000|  0%| F|  |TAMS 0x00000000c4c00000, 0x00000000c4c00000| Untracked 
|  37|0x00000000c4d00000, 0x00000000c4d00000, 0x00000000c4e00000|  0%| F|  |TAMS 0x00000000c4d00000, 0x00000000c4d00000| Untracked 
|  38|0x00000000c4e00000, 0x00000000c4e00000, 0x00000000c4f00000|  0%| F|  |TAMS 0x00000000c4e00000, 0x00000000c4e00000| Untracked 
|  39|0x00000000c4f00000, 0x00000000c4f00000, 0x00000000c5000000|  0%| F|  |TAMS 0x00000000c4f00000, 0x00000000c4f00000| Untracked 
|  40|0x00000000c5000000, 0x00000000c5000000, 0x00000000c5100000|  0%| F|  |TAMS 0x00000000c5000000, 0x00000000c5000000| Untracked 
|  41|0x00000000c5100000, 0x00000000c5100000, 0x00000000c5200000|  0%| F|  |TAMS 0x00000000c5100000, 0x00000000c5100000| Untracked 
|  42|0x00000000c5200000, 0x00000000c5200000, 0x00000000c5300000|  0%| F|  |TAMS 0x00000000c5200000, 0x00000000c5200000| Untracked 
|  43|0x00000000c5300000, 0x00000000c5300000, 0x00000000c5400000|  0%| F|  |TAMS 0x00000000c5300000, 0x00000000c5300000| Untracked 
|  44|0x00000000c5400000, 0x00000000c5400000, 0x00000000c5500000|  0%| F|  |TAMS 0x00000000c5400000, 0x00000000c5400000| Untracked 
|  45|0x00000000c5500000, 0x00000000c5500000, 0x00000000c5600000|  0%| F|  |TAMS 0x00000000c5500000, 0x00000000c5500000| Untracked 
|  46|0x00000000c5600000, 0x00000000c5600000, 0x00000000c5700000|  0%| F|  |TAMS 0x00000000c5600000, 0x00000000c5600000| Untracked 
|  47|0x00000000c5700000, 0x00000000c5700000, 0x00000000c5800000|  0%| F|  |TAMS 0x00000000c5700000, 0x00000000c5700000| Untracked 
|  48|0x00000000c5800000, 0x00000000c5800000, 0x00000000c5900000|  0%| F|  |TAMS 0x00000000c5800000, 0x00000000c5800000| Untracked 
|  49|0x00000000c5900000, 0x00000000c5900000, 0x00000000c5a00000|  0%| F|  |TAMS 0x00000000c5900000, 0x00000000c5900000| Untracked 
|  50|0x00000000c5a00000, 0x00000000c5a00000, 0x00000000c5b00000|  0%| F|  |TAMS 0x00000000c5a00000, 0x00000000c5a00000| Untracked 
|  51|0x00000000c5b00000, 0x00000000c5b00000, 0x00000000c5c00000|  0%| F|  |TAMS 0x00000000c5b00000, 0x00000000c5b00000| Untracked 
|  52|0x00000000c5c00000, 0x00000000c5c00000, 0x00000000c5d00000|  0%| F|  |TAMS 0x00000000c5c00000, 0x00000000c5c00000| Untracked 
|  53|0x00000000c5d00000, 0x00000000c5d00000, 0x00000000c5e00000|  0%| F|  |TAMS 0x00000000c5d00000, 0x00000000c5d00000| Untracked 
|  54|0x00000000c5e00000, 0x00000000c5e00000, 0x00000000c5f00000|  0%| F|  |TAMS 0x00000000c5e00000, 0x00000000c5e00000| Untracked 
|  55|0x00000000c5f00000, 0x00000000c5f00000, 0x00000000c6000000|  0%| F|  |TAMS 0x00000000c5f00000, 0x00000000c5f00000| Untracked 
|  56|0x00000000c6000000, 0x00000000c6000000, 0x00000000c6100000|  0%| F|  |TAMS 0x00000000c6000000, 0x00000000c6000000| Untracked 
|  57|0x00000000c6100000, 0x00000000c6100000, 0x00000000c6200000|  0%| F|  |TAMS 0x00000000c6100000, 0x00000000c6100000| Untracked 
|  58|0x00000000c6200000, 0x00000000c6200000, 0x00000000c6300000|  0%| F|  |TAMS 0x00000000c6200000, 0x00000000c6200000| Untracked 
|  59|0x00000000c6300000, 0x00000000c6300000, 0x00000000c6400000|  0%| F|  |TAMS 0x00000000c6300000, 0x00000000c6300000| Untracked 
|  60|0x00000000c6400000, 0x00000000c649a218, 0x00000000c6500000| 60%| E|  |TAMS 0x00000000c6400000, 0x00000000c6400000| Complete 
|  61|0x00000000c6500000, 0x00000000c6600000, 0x00000000c6600000|100%| E|CS|TAMS 0x00000000c6500000, 0x00000000c6500000| Complete 

Card table byte_map: [0x000001f88ad00000,0x000001f88aef0000] _byte_map_base: 0x000001f88a6ec000

Marking Bits (Prev, Next): (CMBitMap*) 0x000001f88b0d8110, (CMBitMap*) 0x000001f88b0d8150
 Prev Bits: [0x000001f891950000, 0x000001f8928b0000)
 Next Bits: [0x000001f8928b0000, 0x000001f893810000)

Polling page: 0x000001f88a870000

Metaspace:

Usage:
  Non-class:      4.69 MB used.
      Class:    439.47 KB used.
       Both:      5.11 MB used.

Virtual space:
  Non-class space:        8.00 MB reserved,       4.75 MB ( 59%) committed,  1 nodes.
      Class space:        1.00 GB reserved,     512.00 KB ( <1%) committed,  1 nodes.
             Both:        1.01 GB reserved,       5.25 MB ( <1%) committed. 

Chunk freelists:
   Non-Class:  3.00 MB
       Class:  3.56 MB
        Both:  6.56 MB

MaxMetaspaceSize: unlimited
CompressedClassSpaceSize: 1.00 GB
Initial GC threshold: 21.00 MB
Current GC threshold: 21.00 MB
CDS: off
MetaspaceReclaimPolicy: balanced
 - commit_granule_bytes: 65536.
 - commit_granule_words: 8192.
 - virtual_space_node_default_size: 1048576.
 - enlarge_chunks_in_place: 1.
 - new_chunks_are_fully_committed: 0.
 - uncommit_free_chunks: 1.
 - use_allocation_guard: 0.
 - handle_deallocations: 1.


Internal statistics:

num_allocs_failed_limit: 0.
num_arena_births: 4.
num_arena_deaths: 0.
num_vsnodes_births: 2.
num_vsnodes_deaths: 0.
num_space_committed: 84.
num_space_uncommitted: 0.
num_chunks_returned_to_freelist: 0.
num_chunks_taken_from_freelist: 8.
num_chunk_merges: 0.
num_chunk_splits: 3.
num_chunks_enlarged: 1.
num_purges: 0.
num_inconsistent_stats: 0.

CodeCache: size=49152Kb used=1808Kb max_used=1808Kb free=47343Kb
 bounds [0x000001f88e760000, 0x000001f88e9d0000, 0x000001f891760000]
 total_blobs=510 nmethods=182 adapters=256
 compilation: enabled
              stopped_count=0, restarted_count=0
 full_count=0

Compilation events (20 events):
Event: 0.764 Thread 0x000001f895a949f0  173       1       java.util.HashSet::<init> (16 bytes)
Event: 0.764 Thread 0x000001f895a949f0 nmethod 173 0x000001f88e921290 code [0x000001f88e921420, 0x000001f88e921598]
Event: 0.768 Thread 0x000001f896622b80  174       1       java.lang.module.ResolvedModule::configuration (5 bytes)
Event: 0.769 Thread 0x000001f896622b80 nmethod 174 0x000001f88e921610 code [0x000001f88e9217a0, 0x000001f88e921878]
Event: 0.769 Thread 0x000001f895a949f0  175       1       java.lang.module.ModuleDescriptor::isOpen (5 bytes)
Event: 0.769 Thread 0x000001f895a949f0 nmethod 175 0x000001f88e921910 code [0x000001f88e921aa0, 0x000001f88e921b78]
Event: 0.769 Thread 0x000001f896622b80  176       1       java.util.HashMap::size (5 bytes)
Event: 0.769 Thread 0x000001f896622b80 nmethod 176 0x000001f88e921c10 code [0x000001f88e921da0, 0x000001f88e921e78]
Event: 0.770 Thread 0x000001f896622b80  177       1       java.lang.module.ModuleDescriptor$Provides::service (5 bytes)
Event: 0.771 Thread 0x000001f896622b80 nmethod 177 0x000001f88e921f10 code [0x000001f88e9220a0, 0x000001f88e922178]
Event: 1.011 Thread 0x000001f895a949f0  178       1       java.util.concurrent.ConcurrentHashMap::casTabAt (21 bytes)
Event: 1.012 Thread 0x000001f895a949f0 nmethod 178 0x000001f88e922510 code [0x000001f88e9226a0, 0x000001f88e9227b8]
Event: 1.031 Thread 0x000001f896622b80  179       1       java.util.HashMap$ValueIterator::next (8 bytes)
Event: 1.032 Thread 0x000001f896622b80 nmethod 179 0x000001f88e922b90 code [0x000001f88e922d20, 0x000001f88e922e08]
Event: 1.036 Thread 0x000001f895a949f0  180       1       java.lang.Module::getDescriptor (5 bytes)
Event: 1.037 Thread 0x000001f895a949f0 nmethod 180 0x000001f88e922e90 code [0x000001f88e923020, 0x000001f88e9230f8]
Event: 1.067 Thread 0x000001f896622b80  181       1       java.lang.AbstractStringBuilder::<init> (39 bytes)
Event: 1.068 Thread 0x000001f896622b80 nmethod 181 0x000001f88e923190 code [0x000001f88e923320, 0x000001f88e9234d8]
Event: 1.069 Thread 0x000001f895a949f0  182       1       java.lang.StringBuilder::toString (35 bytes)
Event: 1.071 Thread 0x000001f895a949f0 nmethod 182 0x000001f88e923590 code [0x000001f88e923740, 0x000001f88e923958]

GC Heap History (0 events):
No events

Deoptimization events (0 events):
No events

Classes unloaded (0 events):
No events

Classes redefined (0 events):
No events

Internal exceptions (0 events):
No events

VM Operations (2 events):
Event: 0.738 Executing VM operation: HandshakeAllThreads
Event: 0.738 Executing VM operation: HandshakeAllThreads done

Events (20 events):
Event: 1.060 loading class java/nio/file/FileSystem
Event: 1.061 loading class java/nio/file/FileSystem done
Event: 1.062 loading class sun/nio/fs/WindowsFileSystem done
Event: 1.062 loading class java/util/Arrays$ArrayItr
Event: 1.062 loading class java/util/Arrays$ArrayItr done
Event: 1.063 loading class sun/nio/fs/WindowsPathParser
Event: 1.064 loading class sun/nio/fs/WindowsPathParser done
Event: 1.065 loading class sun/nio/fs/WindowsPathType
Event: 1.065 loading class sun/nio/fs/WindowsPathType done
Event: 1.068 loading class sun/nio/fs/WindowsPathParser$Result
Event: 1.069 loading class sun/nio/fs/WindowsPathParser$Result done
Event: 1.073 loading class java/net/URI$Parser
Event: 1.074 loading class java/net/URI$Parser done
Event: 1.074 loading class sun/nio/fs/WindowsPath
Event: 1.075 loading class sun/nio/fs/WindowsPath done
Event: 1.093 loading class jdk/internal/jimage/ImageReaderFactory$1
Event: 1.094 loading class jdk/internal/jimage/ImageReaderFactory$1 done
Event: 1.094 loading class jdk/internal/jimage/ImageReader
Event: 1.094 loading class jdk/internal/jimage/ImageReader done
Event: 1.094 loading class jdk/internal/jimage/ImageReader$SharedImageReader


Dynamic libraries:
0x00007ff7cd390000 - 0x00007ff7cd39e000 	C:\sts-4.16.1.RELEASE\plugins\org.eclipse.justj.openjdk.hotspot.jre.full.win32.x86_64_17.0.4.v20221004-1257\jre\bin\javaw.exe
0x00007ffb7bfb0000 - 0x00007ffb7c1a8000 	C:\WINDOWS\SYSTEM32\ntdll.dll
0x00007ffb7b990000 - 0x00007ffb7ba4f000 	C:\WINDOWS\System32\KERNEL32.DLL
0x00007ffb79c20000 - 0x00007ffb79ef2000 	C:\WINDOWS\System32\KERNELBASE.dll
0x00007ffb79f00000 - 0x00007ffb7a000000 	C:\WINDOWS\System32\ucrtbase.dll
0x00007ffb76310000 - 0x00007ffb76328000 	C:\sts-4.16.1.RELEASE\plugins\org.eclipse.justj.openjdk.hotspot.jre.full.win32.x86_64_17.0.4.v20221004-1257\jre\bin\jli.dll
0x00007ffb7ba50000 - 0x00007ffb7bbed000 	C:\WINDOWS\System32\USER32.dll
0x00007ffb79ac0000 - 0x00007ffb79ae2000 	C:\WINDOWS\System32\win32u.dll
0x00007ffb7bd80000 - 0x00007ffb7bdab000 	C:\WINDOWS\System32\GDI32.dll
0x00007ffb79700000 - 0x00007ffb7980f000 	C:\WINDOWS\System32\gdi32full.dll
0x00007ffb798c0000 - 0x00007ffb7995d000 	C:\WINDOWS\System32\msvcp_win.dll
0x00007ffb762f0000 - 0x00007ffb76309000 	C:\sts-4.16.1.RELEASE\plugins\org.eclipse.justj.openjdk.hotspot.jre.full.win32.x86_64_17.0.4.v20221004-1257\jre\bin\VCRUNTIME140.dll
0x00007ffb6a870000 - 0x00007ffb6ab0a000 	C:\WINDOWS\WinSxS\amd64_microsoft.windows.common-controls_6595b64144ccf1df_6.0.19041.1110_none_60b5254171f9507e\COMCTL32.dll
0x00007ffb7bdc0000 - 0x00007ffb7be5e000 	C:\WINDOWS\System32\msvcrt.dll
0x00007ffb7bf30000 - 0x00007ffb7bf62000 	C:\WINDOWS\System32\IMM32.DLL
0x00007ffb73ac0000 - 0x00007ffb73acc000 	C:\sts-4.16.1.RELEASE\plugins\org.eclipse.justj.openjdk.hotspot.jre.full.win32.x86_64_17.0.4.v20221004-1257\jre\bin\vcruntime140_1.dll
0x00007ffb5b420000 - 0x00007ffb5b4b1000 	C:\sts-4.16.1.RELEASE\plugins\org.eclipse.justj.openjdk.hotspot.jre.full.win32.x86_64_17.0.4.v20221004-1257\jre\bin\msvcp140.dll
0x00007ffb36eb0000 - 0x00007ffb37af6000 	C:\sts-4.16.1.RELEASE\plugins\org.eclipse.justj.openjdk.hotspot.jre.full.win32.x86_64_17.0.4.v20221004-1257\jre\bin\server\jvm.dll
0x00007ffb7bbf0000 - 0x00007ffb7bc9e000 	C:\WINDOWS\System32\ADVAPI32.dll
0x00007ffb7b700000 - 0x00007ffb7b79c000 	C:\WINDOWS\System32\sechost.dll
0x00007ffb7a240000 - 0x00007ffb7a365000 	C:\WINDOWS\System32\RPCRT4.dll
0x00007ffb7bdb0000 - 0x00007ffb7bdb8000 	C:\WINDOWS\System32\PSAPI.DLL
0x00007ffb6d850000 - 0x00007ffb6d859000 	C:\WINDOWS\SYSTEM32\WSOCK32.dll
0x00007ffb7b920000 - 0x00007ffb7b98b000 	C:\WINDOWS\System32\WS2_32.dll
0x00007ffb59370000 - 0x00007ffb59397000 	C:\WINDOWS\SYSTEM32\WINMM.dll
0x00007ffb73240000 - 0x00007ffb7324a000 	C:\WINDOWS\SYSTEM32\VERSION.dll
0x00007ffb77ec0000 - 0x00007ffb77ed2000 	C:\WINDOWS\SYSTEM32\kernel.appcore.dll
0x00007ffb76f70000 - 0x00007ffb76f7a000 	C:\sts-4.16.1.RELEASE\plugins\org.eclipse.justj.openjdk.hotspot.jre.full.win32.x86_64_17.0.4.v20221004-1257\jre\bin\jimage.dll
0x00007ffb76c40000 - 0x00007ffb76e24000 	C:\WINDOWS\SYSTEM32\DBGHELP.DLL
0x00007ffb6fdb0000 - 0x00007ffb6fddc000 	C:\WINDOWS\SYSTEM32\dbgcore.DLL
0x00007ffb79af0000 - 0x00007ffb79b72000 	C:\WINDOWS\System32\bcryptPrimitives.dll
0x00007ffb61eb0000 - 0x00007ffb61ed5000 	C:\sts-4.16.1.RELEASE\plugins\org.eclipse.justj.openjdk.hotspot.jre.full.win32.x86_64_17.0.4.v20221004-1257\jre\bin\java.dll
0x00007ffb76f20000 - 0x00007ffb76f38000 	C:\sts-4.16.1.RELEASE\plugins\org.eclipse.justj.openjdk.hotspot.jre.full.win32.x86_64_17.0.4.v20221004-1257\jre\bin\zip.dll
0x00007ffb7a980000 - 0x00007ffb7b0c3000 	C:\WINDOWS\System32\SHELL32.dll
0x00007ffb77710000 - 0x00007ffb77ea2000 	C:\WINDOWS\SYSTEM32\windows.storage.dll
0x00007ffb7b3a0000 - 0x00007ffb7b6f4000 	C:\WINDOWS\System32\combase.dll
0x00007ffb78f50000 - 0x00007ffb78f80000 	C:\WINDOWS\SYSTEM32\Wldp.dll
0x00007ffb7b0d0000 - 0x00007ffb7b17d000 	C:\WINDOWS\System32\SHCORE.dll
0x00007ffb7be60000 - 0x00007ffb7beb5000 	C:\WINDOWS\System32\shlwapi.dll
0x00007ffb795f0000 - 0x00007ffb7960f000 	C:\WINDOWS\SYSTEM32\profapi.dll

dbghelp: loaded successfully - version: 4.0.5 - missing functions: none
symbol engine: initialized successfully - sym options: 0x614 - pdb path: .;C:\sts-4.16.1.RELEASE\plugins\org.eclipse.justj.openjdk.hotspot.jre.full.win32.x86_64_17.0.4.v20221004-1257\jre\bin;C:\WINDOWS\SYSTEM32;C:\WINDOWS\WinSxS\amd64_microsoft.windows.common-controls_6595b64144ccf1df_6.0.19041.1110_none_60b5254171f9507e;C:\sts-4.16.1.RELEASE\plugins\org.eclipse.justj.openjdk.hotspot.jre.full.win32.x86_64_17.0.4.v20221004-1257\jre\bin\server

VM Arguments:
jvm_args: -Dcom.sun.management.jmxremote -Dcom.sun.management.jmxremote.port=50394 -Dcom.sun.management.jmxremote.authenticate=false -Dcom.sun.management.jmxremote.ssl=false -Djava.rmi.server.hostname=localhost -Dspring.jmx.enabled=true -Dspring.application.admin.enabled=true -XX:TieredStopAtLevel=1 -Dspring.boot.project.name=dsmeta -Dfile.encoding=UTF-8 -XX:+ShowCodeDetailsInExceptionMessages 
java_command: com.devsuperior.dsmeta.DsmetaApplication --spring.output.ansi.enabled=always
java_class_path (initial): C:\projetos\dsmeta\backend\target\classes;C:\Users\rehcl\.m2\repository\org\springframework\boot\spring-boot-starter-data-jpa\2.7.5\spring-boot-starter-data-jpa-2.7.5.jar;C:\Users\rehcl\.m2\repository\org\springframework\boot\spring-boot-starter-aop\2.7.5\spring-boot-starter-aop-2.7.5.jar;C:\Users\rehcl\.m2\repository\org\aspectj\aspectjweaver\1.9.7\aspectjweaver-1.9.7.jar;C:\Users\rehcl\.m2\repository\org\springframework\boot\spring-boot-starter-jdbc\2.7.5\spring-boot-starter-jdbc-2.7.5.jar;C:\Users\rehcl\.m2\repository\com\zaxxer\HikariCP\4.0.3\HikariCP-4.0.3.jar;C:\Users\rehcl\.m2\repository\org\springframework\spring-jdbc\5.3.23\spring-jdbc-5.3.23.jar;C:\Users\rehcl\.m2\repository\jakarta\transaction\jakarta.transaction-api\1.3.3\jakarta.transaction-api-1.3.3.jar;C:\Users\rehcl\.m2\repository\jakarta\persistence\jakarta.persistence-api\2.2.3\jakarta.persistence-api-2.2.3.jar;C:\Users\rehcl\.m2\repository\org\hibernate\hibernate-core\5.6.12.Final\hibernate-core-5.6.12.Final.jar;C:\Users\rehcl\.m2\repository\org\jboss\logging\jboss-logging\3.4.3.Final\jboss-logging-3.4.3.Final.jar;C:\Users\rehcl\.m2\repository\net\bytebuddy\byte-buddy\1.12.18\byte-buddy-1.12.18.jar;C:\Users\rehcl\.m2\repository\antlr\antlr\2.7.7\antlr-2.7.7.jar;C:\Users\rehcl\.m2\repository\org\jboss\jandex\2.4.2.Final\jandex-2.4.2.Final.jar;C:\Users\rehcl\.m2\repository\com\fasterxml\classmate\1.5.1\classmate-1.5.1.jar;C:\Users\rehcl\.m2\repository\org\hibernate\common\hibernate-commons-annotations\5.1.2.Final\hibernate-commons-annotations-5.1.2.Final.jar;C:\Users\rehcl\.m2\repository\org\glassfish\jaxb\jaxb-runtime\2.3.7\jaxb-runtime-2.3.7.jar;C:\Users\rehcl\.m2\repository\org\glassfish\jaxb\txw2\2.3.7\txw2-2.3.7.jar;C:\Users\rehcl\.m2\repository\com\sun\istack\istack-commons-runtime\3.0.12\istack-commons-runtime-3.0.12.jar;C:\Users\rehcl\.m2\repository\com\sun\activation\jakarta.activation\1.2.2\jakarta.activation-1.2.2.jar;C:\Users\rehcl\.m2\repository\org\springfr
Launcher Type: SUN_STANDARD

[Global flags]
     intx CICompilerCount                          = 2                                         {product} {ergonomic}
     uint ConcGCThreads                            = 1                                         {product} {ergonomic}
     uint G1ConcRefinementThreads                  = 2                                         {product} {ergonomic}
   size_t G1HeapRegionSize                         = 1048576                                   {product} {ergonomic}
    uintx GCDrainStackTargetSize                   = 64                                        {product} {ergonomic}
   size_t InitialHeapSize                          = 65011712                                  {product} {ergonomic}
     bool ManagementServer                         = true                                      {product} {command line}
   size_t MarkStackSize                            = 4194304                                   {product} {ergonomic}
   size_t MaxHeapSize                              = 1031798784                                {product} {ergonomic}
   size_t MaxNewSize                               = 618659840                                 {product} {ergonomic}
   size_t MinHeapDeltaBytes                        = 1048576                                   {product} {ergonomic}
   size_t MinHeapSize                              = 8388608                                   {product} {ergonomic}
    uintx NonProfiledCodeHeapSize                  = 0                                      {pd product} {ergonomic}
     bool ProfileInterpreter                       = false                                  {pd product} {command line}
    uintx ProfiledCodeHeapSize                     = 0                                      {pd product} {ergonomic}
     bool ShowCodeDetailsInExceptionMessages       = true                                   {manageable} {command line}
   size_t SoftMaxHeapSize                          = 1031798784                             {manageable} {ergonomic}
     intx TieredStopAtLevel                        = 1                                         {product} {command line}
     bool UseCompressedClassPointers               = true                           {product lp64_product} {ergonomic}
     bool UseCompressedOops                        = true                           {product lp64_product} {ergonomic}
     bool UseG1GC                                  = true                                      {product} {ergonomic}
     bool UseLargePagesIndividualAllocation        = false                                  {pd product} {ergonomic}

Logging:
Log output configuration:
 #0: stdout all=warning uptime,level,tags
 #1: stderr all=off uptime,level,tags

Environment Variables:
JAVA_HOME=C:\Program Files\Java\zulu17.38.21-ca-jdk17.0.5-win_x64
PATH=C:/sts-4.16.1.RELEASE//plugins/org.eclipse.justj.openjdk.hotspot.jre.full.win32.x86_64_17.0.4.v20221004-1257/jre/bin/server;C:/sts-4.16.1.RELEASE//plugins/org.eclipse.justj.openjdk.hotspot.jre.full.win32.x86_64_17.0.4.v20221004-1257/jre/bin;C:\Python311\Scripts\;C:\Python311\;C:\Program Files\Java\zulu17.38.21-ca-jdk17.0.5-win_x64\bin;C:\Program Files\Common Files\Oracle\Java\javapath;C:\WINDOWS\system32;C:\WINDOWS;C:\WINDOWS\System32\Wbem;C:\WINDOWS\System32\WindowsPowerShell\v1.0\;C:\WINDOWS\System32\OpenSSH\;C:\Program Files (x86)\QuickTime\QTSystem\;C:\Program Files\Git\cmd;C:\Program Files\nodejs\;C:\ProgramData\chocolatey\bin;C:\Users\rehcl\AppData\Local\Programs\Python\Python310\Scripts\;C:\Users\rehcl\AppData\Local\Programs\Python\Python310\;C:\Users\rehcl\AppData\Local\Microsoft\WindowsApps;;C:\Users\rehcl\AppData\Local\Programs\Microsoft VS Code\bin;C:\Program Files\heroku\bin;C:\Users\rehcl\AppData\Roaming\npm;C:\sts-4.16.1.RELEASE;
USERNAME=rehcl
OS=Windows_NT
PROCESSOR_IDENTIFIER=Intel64 Family 6 Model 92 Stepping 9, GenuineIntel
TMP=C:\Users\rehcl\AppData\Local\Temp
TEMP=C:\Users\rehcl\AppData\Local\Temp



---------------  S Y S T E M  ---------------

OS:
 Windows 10 , 64 bit Build 19041 (10.0.19041.2251)
OS uptime: 0 days 23:22 hours
Hyper-V role detected

CPU: total 2 (initial active 2) (2 cores per cpu, 1 threads per core) family 6 model 92 stepping 9 microcode 0x32, cx8, cmov, fxsr, mmx, 3dnowpref, sse, sse2, sse3, ssse3, sse4.1, sse4.2, popcnt, tsc, tscinvbit, aes, erms, clmul, sha, clflush, clflushopt, hv

Memory: 4k page, system-wide physical 3928M (336M free)
TotalPageFile size 3928M (AvailPageFile size 21M)
current process WorkingSet (physical memory assigned to process): 29M, peak: 29M
current process commit charge ("private bytes"): 117M, peak: 117M

vm_info: OpenJDK 64-Bit Server VM (17.0.4.1+1) for windows-amd64 JRE (17.0.4.1+1), built on Aug 17 2022 07:42:43 by "temurin" with MS VC++ 16.7 (VS2019)

END.
